0 info it worked if it ends with ok
1 verbose cli [ 'C:\\Program Files\\nodejs\\node.exe',
1 verbose cli   'C:\\Program Files\\nodejs\\node_modules\\npm\\bin\\npm-cli.js',
1 verbose cli   'run',
1 verbose cli   'build' ]
2 info using npm@3.10.10
3 info using node@v6.11.0
4 verbose run-script [ 'prebuild', 'build', 'postbuild' ]
5 info lifecycle @tune-up/app@0.0.0~prebuild: @tune-up/app@0.0.0
6 silly lifecycle @tune-up/app@0.0.0~prebuild: no script for prebuild, continuing
7 info lifecycle @tune-up/app@0.0.0~build: @tune-up/app@0.0.0
8 verbose lifecycle @tune-up/app@0.0.0~build: unsafe-perm in lifecycle true
9 verbose lifecycle @tune-up/app@0.0.0~build: PATH: C:\Program Files\nodejs\node_modules\npm\bin\node-gyp-bin;C:\Users\Víctor\Angular\TUNE-UP-Process-Web-Front\node_modules\.bin;C:\ProgramData\Oracle\Java\javapath;C:\Windows\system32;C:\Windows;C:\Windows\System32\Wbem;C:\Windows\System32\WindowsPowerShell\v1.0\;C:\Users\Víctor\.dnx\bin;C:\Program Files\Microsoft DNX\Dnvm\;C:\Program Files\Microsoft SQL Server\120\Tools\Binn\;C:\Program Files\Microsoft SQL Server\130\Tools\Binn\;C:\Program Files (x86)\NVIDIA Corporation\PhysX\Common;C:\Program Files (x86)\Skype\Phone\;C:\Program Files\Git\cmd;C:\WINDOWS\system32;C:\WINDOWS;C:\WINDOWS\System32\Wbem;C:\WINDOWS\System32\WindowsPowerShell\v1.0\;C:\Program Files\nodejs\;C:\Program Files (x86)\Microsoft SQL Server\Client SDK\ODBC\130\Tools\Binn\;C:\Program Files (x86)\Microsoft SQL Server\140\Tools\Binn\;C:\Program Files (x86)\Microsoft SQL Server\140\DTS\Binn\;C:\Program Files (x86)\Microsoft SQL Server\140\Tools\Binn\ManagementStudio\;C:\Program Files\dotnet\;C:\Users\Víctor\AppData\Local\Microsoft\WindowsApps;C:\Users\Víctor\AppData\Roaming\npm
10 verbose lifecycle @tune-up/app@0.0.0~build: CWD: C:\Users\Víctor\Angular\TUNE-UP-Process-Web-Front
11 silly lifecycle @tune-up/app@0.0.0~build: Args: [ '/d /s /c', 'rollup -c rollup.config.js' ]
12 silly lifecycle @tune-up/app@0.0.0~build: Returned: code: 1  signal: null
13 info lifecycle @tune-up/app@0.0.0~build: Failed to exec build script
14 verbose stack Error: @tune-up/app@0.0.0 build: `rollup -c rollup.config.js`
14 verbose stack Exit status 1
14 verbose stack     at EventEmitter.<anonymous> (C:\Program Files\nodejs\node_modules\npm\lib\utils\lifecycle.js:255:16)
14 verbose stack     at emitTwo (events.js:106:13)
14 verbose stack     at EventEmitter.emit (events.js:191:7)
14 verbose stack     at ChildProcess.<anonymous> (C:\Program Files\nodejs\node_modules\npm\lib\utils\spawn.js:40:14)
14 verbose stack     at emitTwo (events.js:106:13)
14 verbose stack     at ChildProcess.emit (events.js:191:7)
14 verbose stack     at maybeClose (internal/child_process.js:891:16)
14 verbose stack     at Process.ChildProcess._handle.onexit (internal/child_process.js:226:5)
15 verbose pkgid @tune-up/app@0.0.0
16 verbose cwd C:\Users\Víctor\Angular\TUNE-UP-Process-Web-Front
17 error Windows_NT 10.0.15063
18 error argv "C:\\Program Files\\nodejs\\node.exe" "C:\\Program Files\\nodejs\\node_modules\\npm\\bin\\npm-cli.js" "run" "build"
19 error node v6.11.0
20 error npm  v3.10.10
21 error code ELIFECYCLE
22 error @tune-up/app@0.0.0 build: `rollup -c rollup.config.js`
22 error Exit status 1
23 error Failed at the @tune-up/app@0.0.0 build script 'rollup -c rollup.config.js'.
23 error Make sure you have the latest version of node.js and npm installed.
23 error If you do, this is most likely a problem with the @tune-up/app package,
23 error not with npm itself.
23 error Tell the author that this fails on your system:
23 error     rollup -c rollup.config.js
23 error You can get information on how to open an issue for this project with:
23 error     npm bugs @tune-up/app
23 error Or if that isn't available, you can get their info via:
23 error     npm owner ls @tune-up/app
23 error There is likely additional logging output above.
24 verbose exit [ 1, true ]
